生成启动时间为 2019/7/13 9:50:09。
     1>项目“D:\Technology Association\Robot\代码\!NewCode\KickChipLow\SkillTemplate\SkillTemplate.vcxproj”在节点 2 上(Build 个目标)。
     1>C:\Program Files (x86)\MSBuild\Microsoft.Cpp\v4.0\V120\Microsoft.CppBuild.targets(381,5): warning MSB8028: The intermediate directory (Debug\) contains files shared from another project (ChipKickLowPow100.vcxproj, ChipKickLowPow20.vcxproj, ChipKickLowPow40.vcxproj, ChipKickLowPow60.vcxproj, ChipKickLowPow80.vcxproj, ChipKickNew.vcxproj, SkillTemplate.vcxproj).  This can lead to incorrect clean and rebuild behavior.
     1>ClCompile:
         D:\Applications\Microsoft\Visual Stdio\2013\VC\bin\CL.exe /c /I"D:\Technology Association\Robot\代码\!NewCode\KickChipLow\SkillTemplate\\worldmodel_lib\Debug" /ZI /nologo /W3 /WX- /sdl /Od /Oy- /D _WINDLL /D _UNICODE /D UNICODE /Gm /EHsc /RTC1 /MDd /GS /fp:precise /Zc:wchar_t /Zc:forScope /Fo"Debug\\" /Fd"Debug\vc120.pdb" /Gd /TP /analyze- /errorReport:prompt Skill.cpp utils\maths.cpp
         Skill.cpp
     1>d:\technology association\robot\代码\!newcode\kickchiplow\skilltemplate\utils\vector.h(520): warning C4244: “参数”: 从“double”转换到“float”，可能丢失数据
     1>d:\technology association\robot\代码\!newcode\kickchiplow\skilltemplate\planegeometry.h(27): warning C4244: “参数”: 从“const double”转换到“float”，可能丢失数据
     1>d:\technology association\robot\代码\!newcode\kickchiplow\skilltemplate\utils\game_state.h(105): warning C4800: “const int”: 将值强制为布尔值“true”或“false”(性能警告)
     1>d:\technology association\robot\代码\!newcode\kickchiplow\skilltemplate\utils\game_state.h(108): warning C4800: “const int”: 将值强制为布尔值“true”或“false”(性能警告)
     1>d:\technology association\robot\代码\!newcode\kickchiplow\skilltemplate\utils\game_state.h(111): warning C4800: “const int”: 将值强制为布尔值“true”或“false”(性能警告)
     1>d:\technology association\robot\代码\!newcode\kickchiplow\skilltemplate\utils\game_state.h(114): warning C4800: “const int”: 将值强制为布尔值“true”或“false”(性能警告)
     1>d:\technology association\robot\代码\!newcode\kickchiplow\skilltemplate\utils\game_state.h(117): warning C4800: “const int”: 将值强制为布尔值“true”或“false”(性能警告)
     1>d:\technology association\robot\代码\!newcode\kickchiplow\skilltemplate\skill.cpp(5): warning C4190: “player_plan”有指定的 C 链接，但返回了与 C 不兼容的 UDT“PlayerTask”
                 d:\technology association\robot\代码\!newcode\kickchiplow\skilltemplate\utils\playertask.h(24) : 参见“PlayerTask”的声明
     1>d:\technology association\robot\代码\!newcode\kickchiplow\skilltemplate\skill.cpp(15): warning C4244: “=”: 从“double”转换到“float”，可能丢失数据
     1>d:\technology association\robot\代码\!newcode\kickchiplow\skilltemplate\skill.cpp(20): warning C4244: “=”: 从“double”转换到“float”，可能丢失数据
     1>d:\technology association\robot\代码\!newcode\kickchiplow\skilltemplate\skill.cpp(67): warning C4244: “初始化”: 从“double”转换到“float”，可能丢失数据
     1>d:\technology association\robot\代码\!newcode\kickchiplow\skilltemplate\skill.cpp(76): warning C4244: “初始化”: 从“double”转换到“float”，可能丢失数据
     1>d:\technology association\robot\代码\!newcode\kickchiplow\skilltemplate\skill.cpp(85): warning C4244: “参数”: 从“double”转换到“float”，可能丢失数据
     1>d:\technology association\robot\代码\!newcode\kickchiplow\skilltemplate\skill.cpp(86): warning C4244: “参数”: 从“double”转换到“float”，可能丢失数据
     1>d:\technology association\robot\代码\!newcode\kickchiplow\skilltemplate\skill.cpp(89): warning C4244: “=”: 从“double”转换到“float”，可能丢失数据
     1>d:\technology association\robot\代码\!newcode\kickchiplow\skilltemplate\skill.cpp(101): warning C4244: “参数”: 从“const double”转换到“float”，可能丢失数据
         正在生成代码...
         正在跳过...(未检测到相关更改)
         maths.cpp
       Link:
         D:\Applications\Microsoft\Visual Stdio\2013\VC\bin\link.exe /ERRORREPORT:PROMPT /OUT:"D:\Technology Association\Robot\代码\!NewCode\KickChipLow\Debug\ChipKickLowPowAuto.dll" /INCREMENTAL /NOLOGO /LIBPATH:"D:\Technology Association\Robot\代码\!NewCode\KickChipLow\SkillTemplate\\worldmodel_lib\Debug" worldmodel_lib.lib kernel32.lib user32.lib gdi32.lib winspool.lib comdlg32.lib advapi32.lib shell32.lib ole32.lib oleaut32.lib uuid.lib odbc32.lib odbccp32.lib /MANIFEST /MANIFESTUAC:"level='asInvoker' uiAccess='false'" /manifest:embed /DEBUG /PDB:"D:\Technology Association\Robot\代码\!NewCode\KickChipLow\Debug\ChipKickLowPowAuto.pdb" /TLBID:1 /DYNAMICBASE /NXCOMPAT /IMPLIB:"D:\Technology Association\Robot\代码\!NewCode\KickChipLow\Debug\ChipKickLowPowAuto.lib" /MACHINE:X86 /DLL Debug\Skill.obj
         Debug\maths.obj
            正在创建库 D:\Technology Association\Robot\代码\!NewCode\KickChipLow\Debug\ChipKickLowPowAuto.lib 和对象 D:\Technology Association\Robot\代码\!NewCode\KickChipLow\Debug\ChipKickLowPowAuto.exp
     1>worldmodel_lib.lib(worldmodel.obj) : warning LNK4099: 未找到 PDB“vc120.pdb”(使用“worldmodel_lib.lib(worldmodel.obj)”或在“D:\Technology Association\Robot\代码\!NewCode\KickChipLow\Debug\vc120.pdb”中寻找)；正在链接对象，如同没有调试信息一样
         SkillTemplate.vcxproj -> D:\Technology Association\Robot\代码\!NewCode\KickChipLow\Debug\ChipKickLowPowAuto.dll
     1>已完成生成项目“D:\Technology Association\Robot\代码\!NewCode\KickChipLow\SkillTemplate\SkillTemplate.vcxproj”(Build 个目标)的操作。

生成成功。

已用时间 00:00:01.82
