生成启动时间为 2019/7/13 13:49:36。
     1>项目“D:\Technology Association\Robot\代码\!NewCode\ChipKick3\SkillTemplate\SkillTemplate.vcxproj”在节点 2 上(Build 个目标)。
     1>C:\Program Files (x86)\MSBuild\Microsoft.Cpp\v4.0\V120\Microsoft.CppBuild.targets(381,5): warning MSB8028: The intermediate directory (Debug\) contains files shared from another project (ChipKick2.vcxproj, SkillTemplate.vcxproj).  This can lead to incorrect clean and rebuild behavior.
     1>ClCompile:
         D:\Applications\Microsoft\Visual Stdio\2013\VC\bin\CL.exe /c /I"D:\Technology Association\Robot\代码\!NewCode\ChipKick3\SkillTemplate\\worldmodel_lib\Debug" /ZI /nologo /W3 /WX- /sdl /Od /Oy- /D _WINDLL /D _UNICODE /D UNICODE /Gm /EHsc /RTC1 /MDd /GS /fp:precise /Zc:wchar_t /Zc:forScope /Fo"Debug\\" /Fd"Debug\vc120.pdb" /Gd /TP /analyze- /errorReport:prompt Skill.cpp utils\maths.cpp
         maths.cpp
     1>d:\technology association\robot\代码\!newcode\chipkick3\skilltemplate\utils\vector.h(520): warning C4244: “参数”: 从“double”转换到“float”，可能丢失数据
     1>d:\technology association\robot\代码\!newcode\chipkick3\skilltemplate\utils\maths.cpp(3): warning C4244: “参数”: 从“const double”转换到“float”，可能丢失数据
     1>d:\technology association\robot\代码\!newcode\chipkick3\skilltemplate\utils\maths.cpp(4): warning C4244: “参数”: 从“const double”转换到“float”，可能丢失数据
     1>d:\technology association\robot\代码\!newcode\chipkick3\skilltemplate\utils\maths.cpp(5): warning C4244: “参数”: 从“const double”转换到“float”，可能丢失数据
     1>d:\technology association\robot\代码\!newcode\chipkick3\skilltemplate\utils\maths.cpp(6): warning C4244: “参数”: 从“const double”转换到“float”，可能丢失数据
     1>d:\technology association\robot\代码\!newcode\chipkick3\skilltemplate\utils\maths.cpp(7): warning C4244: “参数”: 从“const double”转换到“float”，可能丢失数据
     1>d:\technology association\robot\代码\!newcode\chipkick3\skilltemplate\utils\maths.cpp(8): warning C4244: “参数”: 从“const double”转换到“float”，可能丢失数据
     1>d:\technology association\robot\代码\!newcode\chipkick3\skilltemplate\utils\maths.cpp(9): warning C4244: “参数”: 从“const double”转换到“float”，可能丢失数据
     1>d:\technology association\robot\代码\!newcode\chipkick3\skilltemplate\utils\maths.cpp(10): warning C4244: “参数”: 从“const double”转换到“float”，可能丢失数据
     1>d:\technology association\robot\代码\!newcode\chipkick3\skilltemplate\utils\maths.cpp(11): warning C4244: “参数”: 从“const double”转换到“float”，可能丢失数据
     1>d:\technology association\robot\代码\!newcode\chipkick3\skilltemplate\utils\maths.cpp(12): warning C4244: “参数”: 从“const double”转换到“float”，可能丢失数据
     1>d:\technology association\robot\代码\!newcode\chipkick3\skilltemplate\utils\maths.cpp(13): warning C4244: “参数”: 从“const double”转换到“float”，可能丢失数据
     1>d:\technology association\robot\代码\!newcode\chipkick3\skilltemplate\utils\maths.cpp(14): warning C4244: “参数”: 从“const double”转换到“float”，可能丢失数据
     1>d:\technology association\robot\代码\!newcode\chipkick3\skilltemplate\utils\maths.cpp(15): warning C4244: “参数”: 从“const double”转换到“float”，可能丢失数据
     1>d:\technology association\robot\代码\!newcode\chipkick3\skilltemplate\utils\maths.cpp(16): warning C4244: “参数”: 从“const double”转换到“float”，可能丢失数据
     1>d:\technology association\robot\代码\!newcode\chipkick3\skilltemplate\utils\maths.cpp(17): warning C4244: “参数”: 从“const double”转换到“float”，可能丢失数据
     1>d:\technology association\robot\代码\!newcode\chipkick3\skilltemplate\utils\maths.cpp(18): warning C4244: “参数”: 从“const double”转换到“float”，可能丢失数据
     1>d:\technology association\robot\代码\!newcode\chipkick3\skilltemplate\utils\maths.cpp(24): warning C4244: “=”: 从“double”转换到“float”，可能丢失数据
     1>d:\technology association\robot\代码\!newcode\chipkick3\skilltemplate\utils\maths.cpp(25): warning C4305: “-=”: 从“double”到“float”截断
     1>d:\technology association\robot\代码\!newcode\chipkick3\skilltemplate\utils\maths.cpp(26): warning C4305: “+=”: 从“double”到“float”截断
     1>d:\technology association\robot\代码\!newcode\chipkick3\skilltemplate\utils\maths.cpp(32): warning C4244: “参数”: 从“const double”转换到“float”，可能丢失数据
     1>d:\technology association\robot\代码\!newcode\chipkick3\skilltemplate\utils\maths.cpp(39): warning C4305: “初始化”: 从“double”到“float”截断
     1>d:\technology association\robot\代码\!newcode\chipkick3\skilltemplate\utils\maths.cpp(55): warning C4018: “<”: 有符号/无符号不匹配
     1>d:\technology association\robot\代码\!newcode\chipkick3\skilltemplate\utils\maths.cpp(61): warning C4018: “<”: 有符号/无符号不匹配
     1>d:\technology association\robot\代码\!newcode\chipkick3\skilltemplate\utils\maths.cpp(69): warning C4244: “=”: 从“double”转换到“float”，可能丢失数据
     1>d:\technology association\robot\代码\!newcode\chipkick3\skilltemplate\utils\maths.cpp(70): warning C4244: “=”: 从“double”转换到“float”，可能丢失数据
     1>d:\technology association\robot\代码\!newcode\chipkick3\skilltemplate\utils\util.h(78): warning C4244: “-=”: 从“double”转换到“float”，可能丢失数据
                 d:\technology association\robot\代码\!newcode\chipkick3\skilltemplate\utils\maths.cpp(48): 参见对正在编译的函数 模板 实例化“real angle_mod<num>(real)”的引用
                 with
                 [
                     real=float
         ,            num=float
                 ]
     1>d:\technology association\robot\代码\!newcode\chipkick3\skilltemplate\utils\vector.h(400): warning C4244: “参数”: 从“double”转换到“float”，可能丢失数据
                 d:\technology association\robot\代码\!newcode\chipkick3\skilltemplate\utils\maths.cpp(97): 参见对正在编译的函数 模板 实例化“vector Vector::point_on_segment<point2f>(const vector,const vector,const vector,bool)”的引用
                 with
                 [
                     vector=point2f
                 ]
         Skill.cpp
     1>d:\technology association\robot\代码\!newcode\chipkick3\skilltemplate\utils\vector.h(520): warning C4244: “参数”: 从“double”转换到“float”，可能丢失数据
     1>d:\technology association\robot\代码\!newcode\chipkick3\skilltemplate\planegeometry.h(27): warning C4244: “参数”: 从“const double”转换到“float”，可能丢失数据
     1>d:\technology association\robot\代码\!newcode\chipkick3\skilltemplate\utils\game_state.h(105): warning C4800: “const int”: 将值强制为布尔值“true”或“false”(性能警告)
     1>d:\technology association\robot\代码\!newcode\chipkick3\skilltemplate\utils\game_state.h(108): warning C4800: “const int”: 将值强制为布尔值“true”或“false”(性能警告)
     1>d:\technology association\robot\代码\!newcode\chipkick3\skilltemplate\utils\game_state.h(111): warning C4800: “const int”: 将值强制为布尔值“true”或“false”(性能警告)
     1>d:\technology association\robot\代码\!newcode\chipkick3\skilltemplate\utils\game_state.h(114): warning C4800: “const int”: 将值强制为布尔值“true”或“false”(性能警告)
     1>d:\technology association\robot\代码\!newcode\chipkick3\skilltemplate\utils\game_state.h(117): warning C4800: “const int”: 将值强制为布尔值“true”或“false”(性能警告)
     1>d:\technology association\robot\代码\!newcode\chipkick3\skilltemplate\skill.cpp(3): warning C4190: “player_plan”有指定的 C 链接，但返回了与 C 不兼容的 UDT“PlayerTask”
                 d:\technology association\robot\代码\!newcode\chipkick3\skilltemplate\utils\playertask.h(24) : 参见“PlayerTask”的声明
         正在生成代码...
       Link:
         D:\Applications\Microsoft\Visual Stdio\2013\VC\bin\link.exe /ERRORREPORT:PROMPT /OUT:"D:\Technology Association\Robot\代码\!NewCode\ChipKick3\Debug\ChipKick3.dll" /INCREMENTAL /NOLOGO /LIBPATH:"D:\Technology Association\Robot\代码\!NewCode\ChipKick3\SkillTemplate\\worldmodel_lib\Debug" worldmodel_lib.lib kernel32.lib user32.lib gdi32.lib winspool.lib comdlg32.lib advapi32.lib shell32.lib ole32.lib oleaut32.lib uuid.lib odbc32.lib odbccp32.lib /MANIFEST /MANIFESTUAC:"level='asInvoker' uiAccess='false'" /manifest:embed /DEBUG /PDB:"D:\Technology Association\Robot\代码\!NewCode\ChipKick3\Debug\ChipKick3.pdb" /TLBID:1 /DYNAMICBASE /NXCOMPAT /IMPLIB:"D:\Technology Association\Robot\代码\!NewCode\ChipKick3\Debug\ChipKick3.lib" /MACHINE:X86 /DLL Debug\Skill.obj
         Debug\maths.obj
            正在创建库 D:\Technology Association\Robot\代码\!NewCode\ChipKick3\Debug\ChipKick3.lib 和对象 D:\Technology Association\Robot\代码\!NewCode\ChipKick3\Debug\ChipKick3.exp
     1>worldmodel_lib.lib(worldmodel.obj) : warning LNK4099: 未找到 PDB“vc120.pdb”(使用“worldmodel_lib.lib(worldmodel.obj)”或在“D:\Technology Association\Robot\代码\!NewCode\ChipKick3\Debug\vc120.pdb”中寻找)；正在链接对象，如同没有调试信息一样
         SkillTemplate.vcxproj -> D:\Technology Association\Robot\代码\!NewCode\ChipKick3\Debug\ChipKick3.dll
     1>已完成生成项目“D:\Technology Association\Robot\代码\!NewCode\ChipKick3\SkillTemplate\SkillTemplate.vcxproj”(Build 个目标)的操作。

生成成功。

已用时间 00:00:03.09
